base 
base-devel
clang
filesystem
fish
git
make
mingw-w64-clang-x86_64-SDL2
mingw-w64-clang-x86_64-SDL2_image
mingw-w64-clang-x86_64-SDL2_ttf
mingw-w64-clang-x86_64-neovim
mingw-w64-x86_64-SDL2
mingw-w64-x86_64-SDL2_image
mingw-w64-x86_64-SDL2_ttf
mingw-w64-x86_64-binutils
mingw-w64-x86_64-crt-git
mingw-w64-x86_64-gcc
mingw-w64-x86_64-gdb
mingw-w64-x86_64-gdb-multiarch
mingw-w64-x86_64-headers-git
mingw-w64-x86_64-libmangle-git
mingw-w64-x86_64-libwinpthread
mingw-w64-x86_64-make
mingw-w64-x86_64-pkgconf
mingw-w64-x86_64-tools-git
mingw-w64-x86_64-winpthreads
mingw-w64-x86_64-winstorecompat-git
msys2-runtime
vim
zsh
